<?xml version="1.0" encoding="UTF-8"?>
<!-- Generated by org.testng.reporters.JUnitXMLReporter -->
<testsuite ignored="0" hostname="DESKTOP-PK86BAT" failures="0" tests="4" name="Default test" time="21.48" errors="0" timestamp="2024-03-13T02:41:54 IST">
  <testcase classname="api.test.UserTest" name="testPostUser" time="11.686"/>
  <testcase classname="api.test.UserTest" name="testGetUserByName" time="1.334"/>
  <testcase classname="api.test.UserTest" name="testUpdateUserByName" time="2.649"/>
  <testcase classname="api.test.UserTest" name="testDeleteUserByName" time="1.299"/>
</testsuite> <!-- Default test -->
