<?xml version="1.0" encoding="UTF-8"?>
<testsuite xmlns:xsi="http://www.w3.org/2001/XMLSchema-instance" xsi:noNamespaceSchemaLocation="https://maven.apache.org/surefire/maven-surefire-plugin/xsd/surefire-test-report-3.0.xsd" version="3.0" name="TestSuite" time="21.08" tests="4" errors="0" skipped="0" failures="0">
  <properties>
[...]
</properties>
  <testcase name="testPostUser" classname="api.test.UserTest2" time="8.512">
    <system-out><![CDATA[2024-03-13T09:23:17.592404500Z main ERROR Unrecognized format specifier [p]
2024-03-13T09:23:17.600970500Z main ERROR Unrecognized conversion specifier [p] starting at position 51 in conversion pattern.
2024-03-13T09:23:17.600970500Z main ERROR Unrecognized format specifier [m]
2024-03-13T09:23:17.601966300Z main ERROR Unrecognized conversion specifier [m] starting at position 54 in conversion pattern.
2024-03-13T09:23:17.602964200Z main ERROR Unrecognized format specifier [n]
2024-03-13T09:23:17.602964200Z main ERROR Unrecognized conversion specifier [n] starting at position 56 in conversion pattern.
HTTP/1.1 200 OK
Date: Wed, 13 Mar 2024 09:23:25 GMT
Content-Type: application/json
Transfer-Encoding: chunked
Connection: keep-alive
Access-Control-Allow-Origin: *
Access-Control-Allow-Methods: GET, POST, DELETE, PUT
Access-Control-Allow-Headers: Content-Type, api_key, Authorization
Server: Jetty(9.2.9.v20150224)

{
    "code": 200,
    "type": "unknown",
    "message": "1384210339"
}
]]></system-out>
    <system-err><![CDATA[SLF4J: Failed to load class "org.slf4j.impl.StaticLoggerBinder".
SLF4J: Defaulting to no-operation (NOP) logger implementation
SLF4J: See http://www.slf4j.org/codes.html#StaticLoggerBinder for further details.
]]></system-err>
  </testcase>
  <testcase name="testGetUserByName" classname="api.test.UserTest2" time="1.32">
    <system-out><![CDATA[HTTP/1.1 200 OK
Date: Wed, 13 Mar 2024 09:23:27 GMT
Content-Type: application/json
Transfer-Encoding: chunked
Connection: keep-alive
Access-Control-Allow-Origin: *
Access-Control-Allow-Methods: GET, POST, DELETE, PUT
Access-Control-Allow-Headers: Content-Type, api_key, Authorization
Server: Jetty(9.2.9.v20150224)

{
    "id": 1384210339,
    "username": "issac.cormier",
    "email": "luna.okuneva@example.com",
    "password": "9khk6",
    "phone": "1-456-853-4161",
    "userStatus": 0
}
]]></system-out>
  </testcase>
  <testcase name="testUpdateUserByName" classname="api.test.UserTest2" time="2.709">
    <system-out><![CDATA[{
    "code": 200,
    "type": "unknown",
    "message": "1384210339"
}
]]></system-out>
  </testcase>
  <testcase name="testDeleteUserByName" classname="api.test.UserTest2" time="1.315"/>
</testsuite>