<?xml version="1.0" encoding="UTF-8"?>
<testng-results ignored="0" total="4" passed="4" failed="0" skipped="0">
  <reporter-output>
  </reporter-output>
  <suite started-at="2024-03-13T14:53:14 IST" name="PetSuite" finished-at="2024-03-13T14:53:32 IST" duration-ms="18081">
    <groups>
    </groups>
    <test started-at="2024-03-13T14:53:14 IST" name="PetTest" finished-at="2024-03-13T14:53:32 IST" duration-ms="18081">
      <class name="api.test.UserTest2">
        <test-method is-config="true" signature="setupData()[pri:0, instance:api.test.UserTest2@7fa98a66]" started-at="2024-03-13T14:53:15 IST" name="setupData" finished-at="2024-03-13T14:53:18 IST" duration-ms="3215" status="PASS">
          <reporter-output>
          </reporter-output>
        </test-method> <!-- setupData -->
        <test-method signature="testPostUser()[pri:1, instance:api.test.UserTest2@7fa98a66]" started-at="2024-03-13T14:53:18 IST" name="testPostUser" finished-at="2024-03-13T14:53:26 IST" duration-ms="8391" status="PASS">
          <reporter-output>
          </reporter-output>
        </test-method> <!-- testPostUser -->
        <test-method signature="testGetUserByName()[pri:2, instance:api.test.UserTest2@7fa98a66]" started-at="2024-03-13T14:53:26 IST" name="testGetUserByName" finished-at="2024-03-13T14:53:28 IST" duration-ms="1355" status="PASS">
          <reporter-output>
          </reporter-output>
        </test-method> <!-- testGetUserByName -->
        <test-method signature="testUpdateUserByName()[pri:3, instance:api.test.UserTest2@7fa98a66]" started-at="2024-03-13T14:53:28 IST" name="testUpdateUserByName" finished-at="2024-03-13T14:53:30 IST" duration-ms="2747" status="PASS">
          <reporter-output>
          </reporter-output>
        </test-method> <!-- testUpdateUserByName -->
        <test-method signature="testDeleteUserByName()[pri:4, instance:api.test.UserTest2@7fa98a66]" started-at="2024-03-13T14:53:30 IST" name="testDeleteUserByName" finished-at="2024-03-13T14:53:32 IST" duration-ms="1315" status="PASS">
          <reporter-output>
          </reporter-output>
        </test-method> <!-- testDeleteUserByName -->
      </class> <!-- api.test.UserTest2 -->
    </test> <!-- PetTest -->
  </suite> <!-- PetSuite -->
</testng-results>
