<?xml version="1.0" encoding="UTF-8"?>
<testng-results ignored="0" total="4" passed="4" failed="0" skipped="0">
  <reporter-output>
  </reporter-output>
  <suite started-at="2024-03-13T03:14:50 IST" name="PetSuite" finished-at="2024-03-13T03:15:09 IST" duration-ms="19010">
    <groups>
    </groups>
    <test started-at="2024-03-13T03:14:50 IST" name="PetTest" finished-at="2024-03-13T03:15:09 IST" duration-ms="19010">
      <class name="api.test.UserTest2">
        <test-method is-config="true" signature="setupData()[pri:0, instance:api.test.UserTest2@7d0b7e3c]" started-at="2024-03-13T03:14:51 IST" name="setupData" finished-at="2024-03-13T03:14:53 IST" duration-ms="2604" status="PASS">
          <reporter-output>
          </reporter-output>
        </test-method> <!-- setupData -->
        <test-method signature="testPostUser()[pri:1, instance:api.test.UserTest2@7d0b7e3c]" started-at="2024-03-13T03:14:53 IST" name="testPostUser" finished-at="2024-03-13T03:15:02 IST" duration-ms="9211" status="PASS">
          <reporter-output>
          </reporter-output>
        </test-method> <!-- testPostUser -->
        <test-method signature="testGetUserByName()[pri:2, instance:api.test.UserTest2@7d0b7e3c]" started-at="2024-03-13T03:15:03 IST" name="testGetUserByName" finished-at="2024-03-13T03:15:04 IST" duration-ms="1347" status="PASS">
          <reporter-output>
          </reporter-output>
        </test-method> <!-- testGetUserByName -->
        <test-method signature="testUpdateUserByName()[pri:3, instance:api.test.UserTest2@7d0b7e3c]" started-at="2024-03-13T03:15:04 IST" name="testUpdateUserByName" finished-at="2024-03-13T03:15:07 IST" duration-ms="3232" status="PASS">
          <reporter-output>
          </reporter-output>
        </test-method> <!-- testUpdateUserByName -->
        <test-method signature="testDeleteUserByName()[pri:4, instance:api.test.UserTest2@7d0b7e3c]" started-at="2024-03-13T03:15:07 IST" name="testDeleteUserByName" finished-at="2024-03-13T03:15:09 IST" duration-ms="1375" status="PASS">
          <reporter-output>
          </reporter-output>
        </test-method> <!-- testDeleteUserByName -->
      </class> <!-- api.test.UserTest2 -->
    </test> <!-- PetTest -->
  </suite> <!-- PetSuite -->
</testng-results>
