<?xml version="1.0" encoding="UTF-8"?>
<!-- Generated by org.testng.reporters.JUnitXMLReporter -->
<testsuite ignored="0" hostname="DESKTOP-PK86BAT" failures="0" tests="4" name="PetTest" time="19.01" errors="0" timestamp="2024-03-13T03:15:10 IST">
  <testcase classname="api.test.UserTest2" name="testPostUser" time="9.211"/>
  <testcase classname="api.test.UserTest2" name="testGetUserByName" time="1.347"/>
  <testcase classname="api.test.UserTest2" name="testUpdateUserByName" time="3.232"/>
  <testcase classname="api.test.UserTest2" name="testDeleteUserByName" time="1.375"/>
</testsuite> <!-- PetTest -->
